This file contains any messages produced by compilers while
running configure, to aid debugging if configure makes a mistake.

It was created by swig configure 3.0.12, which was
generated by GNU Autoconf 2.69.  Invocation command line was

  $ ./configure 

## --------- ##
## Platform. ##
## --------- ##

hostname = duffworld-POS-ECIG41BS
uname -m = x86_64
uname -r = 4.4.0-103-generic
uname -s = Linux
uname -v = #126~14.04.1-Ubuntu SMP Mon Dec 4 19:33:04 UTC 2017

/usr/bin/uname -p = unknown
/bin/uname -X     = unknown

/bin/arch              = unknown
/usr/bin/arch -k       = unknown
/usr/convex/getsysinfo = unknown
/usr/bin/hostinfo      = unknown
/bin/machine           = unknown
/usr/bin/oslevel       = unknown
/bin/universe          = unknown

PATH: /usr/local/sbin
PATH: /usr/local/bin
PATH: /usr/sbin
PATH: /usr/bin
PATH: /sbin
PATH: /bin
PATH: /usr/games
PATH: /usr/local/games


## ----------- ##
## Core tests. ##
## ----------- ##

configure:2831: checking build system type
configure:2845: result: x86_64-pc-linux-gnu
configure:2865: checking host system type
configure:2878: result: x86_64-pc-linux-gnu
configure:2914: checking for a BSD-compatible install
configure:2982: result: /usr/bin/install -c
configure:2993: checking whether build environment is sane
configure:3048: result: yes
configure:3199: checking for a thread-safe mkdir -p
configure:3238: result: /bin/mkdir -p
configure:3245: checking for gawk
configure:3261: found /usr/bin/gawk
configure:3272: result: gawk
configure:3283: checking whether make sets $(MAKE)
configure:3305: result: yes
configure:3334: checking whether make supports nested variables
configure:3351: result: yes
configure:3528: checking for gcc
configure:3544: found /usr/bin/gcc
configure:3555: result: gcc
configure:3784: checking for C compiler version
configure:3793: gcc --version >&5
gcc (Ubuntu 4.8.4-2ubuntu1~14.04.4) 4.8.4
Copyright (C) 2013 Free Software Foundation, Inc.
This is free software; see the source for copying conditions.  There is NO
warranty; not even for MERCHANTABILITY or FITNESS FOR A PARTICULAR PURPOSE.

configure:3804: $? = 0
configure:3793: gcc -v >&5
Using built-in specs.
COLLECT_GCC=gcc
COLLECT_LTO_WRAPPER=/usr/lib/gcc/x86_64-linux-gnu/4.8/lto-wrapper
Target: x86_64-linux-gnu
Configured with: ../src/configure -v --with-pkgversion='Ubuntu 4.8.4-2ubuntu1~14.04.4' --with-bugurl=file:///usr/share/doc/gcc-4.8/README.Bugs --enable-languages=c,c++,java,go,d,fortran,objc,obj-c++ --prefix=/usr --program-suffix=-4.8 --enable-shared --enable-linker-build-id --libexecdir=/usr/lib --without-included-gettext --enable-threads=posix --with-gxx-include-dir=/usr/include/c++/4.8 --libdir=/usr/lib --enable-nls --with-sysroot=/ --enable-clocale=gnu --enable-libstdcxx-debug --enable-libstdcxx-time=yes --enable-gnu-unique-object --disable-libmudflap --enable-plugin --with-system-zlib --disable-browser-plugin --enable-java-awt=gtk --enable-gtk-cairo --with-java-home=/usr/lib/jvm/java-1.5.0-gcj-4.8-amd64/jre --enable-java-home --with-jvm-root-dir=/usr/lib/jvm/java-1.5.0-gcj-4.8-amd64 --with-jvm-jar-dir=/usr/lib/jvm-exports/java-1.5.0-gcj-4.8-amd64 --with-arch-directory=amd64 --with-ecj-jar=/usr/share/java/eclipse-ecj.jar --enable-objc-gc --enable-multiarch --disable-werror --with-arch-32=i686 --with-abi=m64 --with-multilib-list=m32,m64,mx32 --with-tune=generic --enable-checking=release --build=x86_64-linux-gnu --host=x86_64-linux-gnu --target=x86_64-linux-gnu
Thread model: posix
gcc version 4.8.4 (Ubuntu 4.8.4-2ubuntu1~14.04.4) 
configure:3804: $? = 0
configure:3793: gcc -V >&5
gcc: error: unrecognized command line option '-V'
gcc: fatal error: no input files
compilation terminated.
configure:3804: $? = 4
configure:3793: gcc -qversion >&5
gcc: error: unrecognized command line option '-qversion'
gcc: fatal error: no input files
compilation terminated.
configure:3804: $? = 4
configure:3824: checking whether the C compiler works
configure:3846: gcc    conftest.c  >&5
configure:3850: $? = 0
configure:3898: result: yes
configure:3901: checking for C compiler default output file name
configure:3903: result: a.out
configure:3909: checking for suffix of executables
configure:3916: gcc -o conftest    conftest.c  >&5
configure:3920: $? = 0
configure:3942: result: 
configure:3964: checking whether we are cross compiling
configure:3972: gcc -o conftest    conftest.c  >&5
configure:3976: $? = 0
configure:3983: ./conftest
configure:3987: $? = 0
configure:4002: result: no
configure:4007: checking for suffix of object files
configure:4029: gcc -c   conftest.c >&5
configure:4033: $? = 0
configure:4054: result: o
configure:4058: checking whether we are using the GNU C compiler
configure:4077: gcc -c   conftest.c >&5
configure:4077: $? = 0
configure:4086: result: yes
configure:4095: checking whether gcc accepts -g
configure:4115: gcc -c -g  conftest.c >&5
configure:4115: $? = 0
configure:4156: result: yes
configure:4173: checking for gcc option to accept ISO C89
configure:4236: gcc  -c -g -O2  conftest.c >&5
configure:4236: $? = 0
configure:4249: result: none needed
configure:4274: checking whether gcc understands -c and -o together
configure:4296: gcc -c conftest.c -o conftest2.o
configure:4299: $? = 0
configure:4296: gcc -c conftest.c -o conftest2.o
configure:4299: $? = 0
configure:4311: result: yes
configure:4339: checking for style of include used by make
configure:4367: result: GNU
configure:4393: checking dependency style of gcc
configure:4504: result: gcc3
configure:4577: checking for g++
configure:4607: result: no
configure:4577: checking for c++
configure:4607: result: no
configure:4577: checking for gpp
configure:4607: result: no
configure:4577: checking for aCC
configure:4607: result: no
configure:4577: checking for CC
configure:4607: result: no
configure:4577: checking for cxx
configure:4607: result: no
configure:4577: checking for cc++
configure:4607: result: no
configure:4577: checking for cl.exe
configure:4607: result: no
configure:4577: checking for FCC
configure:4607: result: no
configure:4577: checking for KCC
configure:4607: result: no
configure:4577: checking for RCC
configure:4607: result: no
configure:4577: checking for xlC_r
configure:4607: result: no
configure:4577: checking for xlC
configure:4607: result: no
configure:4631: checking for C++ compiler version
configure:4640: g++ --version >&5
./configure: line 4642: g++: command not found
configure:4651: $? = 127
configure:4640: g++ -v >&5
./configure: line 4642: g++: command not found
configure:4651: $? = 127
configure:4640: g++ -V >&5
./configure: line 4642: g++: command not found
configure:4651: $? = 127
configure:4640: g++ -qversion >&5
./configure: line 4642: g++: command not found
configure:4651: $? = 127
configure:4655: checking whether we are using the GNU C++ compiler
configure:4674: g++ -c   conftest.cpp >&5
./configure: line 1920: g++: command not found
configure:4674: $? = 127
configure: failed program was:
| /* confdefs.h */
| #define PACKAGE_NAME "swig"
| #define PACKAGE_TARNAME "swig"
| #define PACKAGE_VERSION "3.0.12"
| #define PACKAGE_STRING "swig 3.0.12"
| #define PACKAGE_BUGREPORT "http://www.swig.org"
| #define PACKAGE_URL ""
| #define PACKAGE "swig"
| #define VERSION "3.0.12"
| /* end confdefs.h.  */
| 
| int
| main ()
| {
| #ifndef __GNUC__
|        choke me
| #endif
| 
|   ;
|   return 0;
| }
configure:4683: result: no
configure:4692: checking whether g++ accepts -g
configure:4712: g++ -c -g  conftest.cpp >&5
./configure: line 1920: g++: command not found
configure:4712: $? = 127
configure: failed program was:
| /* confdefs.h */
| #define PACKAGE_NAME "swig"
| #define PACKAGE_TARNAME "swig"
| #define PACKAGE_VERSION "3.0.12"
| #define PACKAGE_STRING "swig 3.0.12"
| #define PACKAGE_BUGREPORT "http://www.swig.org"
| #define PACKAGE_URL ""
| #define PACKAGE "swig"
| #define VERSION "3.0.12"
| /* end confdefs.h.  */
| 
| int
| main ()
| {
| 
|   ;
|   return 0;
| }
configure:4727: g++ -c   conftest.cpp >&5
./configure: line 1920: g++: command not found
configure:4727: $? = 127
configure: failed program was:
| /* confdefs.h */
| #define PACKAGE_NAME "swig"
| #define PACKAGE_TARNAME "swig"
| #define PACKAGE_VERSION "3.0.12"
| #define PACKAGE_STRING "swig 3.0.12"
| #define PACKAGE_BUGREPORT "http://www.swig.org"
| #define PACKAGE_URL ""
| #define PACKAGE "swig"
| #define VERSION "3.0.12"
| /* end confdefs.h.  */
| 
| int
| main ()
| {
| 
|   ;
|   return 0;
| }
configure:4743: g++ -c -g  conftest.cpp >&5
./configure: line 1920: g++: command not found
configure:4743: $? = 127
configure: failed program was:
| /* confdefs.h */
| #define PACKAGE_NAME "swig"
| #define PACKAGE_TARNAME "swig"
| #define PACKAGE_VERSION "3.0.12"
| #define PACKAGE_STRING "swig 3.0.12"
| #define PACKAGE_BUGREPORT "http://www.swig.org"
| #define PACKAGE_URL ""
| #define PACKAGE "swig"
| #define VERSION "3.0.12"
| /* end confdefs.h.  */
| 
| int
| main ()
| {
| 
|   ;
|   return 0;
| }
configure:4753: result: no
configure:4778: checking dependency style of g++
configure:4889: result: none
configure:4909: checking maximum warning verbosity option
configure:4947: result:  for C++ -Wall -W -ansi -pedantic for C
configure:4970: checking how to run the C preprocessor
configure:5001: gcc -E  conftest.c
configure:5001: $? = 0
configure:5015: gcc -E  conftest.c
conftest.c:13:28: fatal error: ac_nonexistent.h: No such file or directory
 #include <ac_nonexistent.h>
                            ^
compilation terminated.
configure:5015: $? = 1
configure: failed program was:
| /* confdefs.h */
| #define PACKAGE_NAME "swig"
| #define PACKAGE_TARNAME "swig"
| #define PACKAGE_VERSION "3.0.12"
| #define PACKAGE_STRING "swig 3.0.12"
| #define PACKAGE_BUGREPORT "http://www.swig.org"
| #define PACKAGE_URL ""
| #define PACKAGE "swig"
| #define VERSION "3.0.12"
| #define SWIG_CXX "g++"
| #define SWIG_PLATFORM "x86_64-pc-linux-gnu"
| /* end confdefs.h.  */
| #include <ac_nonexistent.h>
configure:5040: result: gcc -E
configure:5060: gcc -E  conftest.c
configure:5060: $? = 0
configure:5074: gcc -E  conftest.c
conftest.c:13:28: fatal error: ac_nonexistent.h: No such file or directory
 #include <ac_nonexistent.h>
                            ^
compilation terminated.
configure:5074: $? = 1
configure: failed program was:
| /* confdefs.h */
| #define PACKAGE_NAME "swig"
| #define PACKAGE_TARNAME "swig"
| #define PACKAGE_VERSION "3.0.12"
| #define PACKAGE_STRING "swig 3.0.12"
| #define PACKAGE_BUGREPORT "http://www.swig.org"
| #define PACKAGE_URL ""
| #define PACKAGE "swig"
| #define VERSION "3.0.12"
| #define SWIG_CXX "g++"
| #define SWIG_PLATFORM "x86_64-pc-linux-gnu"
| /* end confdefs.h.  */
| #include <ac_nonexistent.h>
configure:5103: checking for grep that handles long lines and -e
configure:5161: result: /bin/grep
configure:5166: checking for egrep
configure:5228: result: /bin/grep -E
configure:5233: checking for ANSI C header files
configure:5253: gcc -c -g -O2 -Wall -W -ansi -pedantic  conftest.c >&5
configure:5253: $? = 0
configure:5326: gcc -o conftest -g -O2 -Wall -W -ansi -pedantic   conftest.c  >&5
configure:5326: $? = 0
configure:5326: ./conftest
configure:5326: $? = 0
configure:5337: result: yes
configure:5356: checking for popen
configure:5356: gcc -o conftest -g -O2 -Wall -W -ansi -pedantic   conftest.c  >&5
configure:5356: $? = 0
configure:5356: result: yes
configure:5380: checking whether to enable PCRE support
configure:5382: result: yes
configure:5386: checking whether to use local PCRE
configure:5395: result: no
configure:5398: checking for a sed that does not truncate output
configure:5462: result: /bin/sed
configure:5532: checking for pcre-config
configure:5565: result: no
configure:5577: error: in `/var/www/html/offlinehelp/ref/swig/swig-3.0.12':
configure:5579: error: 
        Cannot find pcre-config script from PCRE (Perl Compatible Regular Expressions)
        library package. This dependency is needed for configure to complete,
        Either:
        - Install the PCRE developer package on your system (preferred approach).
        - Download the PCRE source tarball, build and install on your system
          as you would for any package built from source distribution.
        - Use the Tools/pcre-build.sh script to build PCRE just for SWIG to statically
          link against. Run 'Tools/pcre-build.sh --help' for instructions.
          (quite easy and does not require privileges to install PCRE on your system)
        - Use configure --without-pcre to disable regular expressions support in SWIG
          (not recommended).
See `config.log' for more details

## ---------------- ##
## Cache variables. ##
## ---------------- ##

ac_cv_build=x86_64-pc-linux-gnu
ac_cv_c_compiler_gnu=yes
ac_cv_cxx_compiler_gnu=no
ac_cv_env_CCC_set=
ac_cv_env_CCC_value=
ac_cv_env_CC_set=
ac_cv_env_CC_value=
ac_cv_env_CFLAGS_set=
ac_cv_env_CFLAGS_value=
ac_cv_env_CPPFLAGS_set=
ac_cv_env_CPPFLAGS_value=
ac_cv_env_CPP_set=
ac_cv_env_CPP_value=
ac_cv_env_CXXFLAGS_set=
ac_cv_env_CXXFLAGS_value=
ac_cv_env_CXX_set=
ac_cv_env_CXX_value=
ac_cv_env_LDFLAGS_set=
ac_cv_env_LDFLAGS_value=
ac_cv_env_LIBS_set=
ac_cv_env_LIBS_value=
ac_cv_env_PCRE_CFLAGS_set=
ac_cv_env_PCRE_CFLAGS_value=
ac_cv_env_PCRE_CONFIG_set=
ac_cv_env_PCRE_CONFIG_value=
ac_cv_env_PCRE_LIBS_set=
ac_cv_env_PCRE_LIBS_value=
ac_cv_env_YACC_set=
ac_cv_env_YACC_value=
ac_cv_env_YFLAGS_set=
ac_cv_env_YFLAGS_value=
ac_cv_env_build_alias_set=
ac_cv_env_build_alias_value=
ac_cv_env_host_alias_set=
ac_cv_env_host_alias_value=
ac_cv_env_target_alias_set=
ac_cv_env_target_alias_value=
ac_cv_func_popen=yes
ac_cv_header_stdc=yes
ac_cv_host=x86_64-pc-linux-gnu
ac_cv_objext=o
ac_cv_path_EGREP='/bin/grep -E'
ac_cv_path_GREP=/bin/grep
ac_cv_path_SED=/bin/sed
ac_cv_path_install='/usr/bin/install -c'
ac_cv_path_mkdir=/bin/mkdir
ac_cv_prog_AWK=gawk
ac_cv_prog_CPP='gcc -E'
ac_cv_prog_ac_ct_CC=gcc
ac_cv_prog_cc_c89=
ac_cv_prog_cc_g=yes
ac_cv_prog_cxx_g=no
ac_cv_prog_make_make_set=yes
am_cv_CC_dependencies_compiler_type=gcc3
am_cv_CXX_dependencies_compiler_type=none
am_cv_make_support_nested_variables=yes
am_cv_prog_cc_c_o=yes

## ----------------- ##
## Output variables. ##
## ----------------- ##

ACLOCAL='${SHELL} /var/www/html/offlinehelp/ref/swig/swig-3.0.12/Tools/config/missing aclocal-1.15'
ADB=''
ALLEGROCLBIN=''
AMDEPBACKSLASH='\'
AMDEP_FALSE='#'
AMDEP_TRUE=''
AMTAR='$${TAR-tar}'
AM_BACKSLASH='\'
AM_DEFAULT_V='$(AM_DEFAULT_VERBOSITY)'
AM_DEFAULT_VERBOSITY='1'
AM_V='$(V)'
ANDROID=''
ANT=''
AUTOCONF='${SHELL} /var/www/html/offlinehelp/ref/swig/swig-3.0.12/Tools/config/missing autoconf'
AUTOHEADER='${SHELL} /var/www/html/offlinehelp/ref/swig/swig-3.0.12/Tools/config/missing autoheader'
AUTOMAKE='${SHELL} /var/www/html/offlinehelp/ref/swig/swig-3.0.12/Tools/config/missing automake-1.15'
AWK='gawk'
BOOST_CPPFLAGS=''
BOOST_LDFLAGS=''
CAMLP4=''
CC='gcc'
CCDEPMODE='depmode=gcc3'
CCSHARED=''
CFLAGS='-g -O2 -Wall -W -ansi -pedantic'
CHICKEN=''
CHICKENLIB=''
CHICKENOPTS=''
CHICKENSHAREDLIB=''
CHICKEN_CSC=''
CHICKEN_CSI=''
CLISPBIN=''
CPP='gcc -E'
CPPFLAGS=''
CSHARPCFLAGS=''
CSHARPCILINTERPRETER=''
CSHARPCILINTERPRETER_FLAGS=''
CSHARPCOMPILER=''
CSHARPCONVERTPATH=''
CSHARPDYNAMICLINKING=''
CSHARPLIBRARYPREFIX=''
CSHARPSO=''
CXX='g++'
CXXDEPMODE='depmode=none'
CXXFLAGS=' '
CXXSHARED=''
CYGPATH_W='echo'
D1COMPILER=''
D2COMPILER=''
DDEFAULTVERSION=''
DEFS=''
DEPDIR='.deps'
DLIBPREFIX=''
ECHO_C=''
ECHO_N='-n'
ECHO_T=''
EGREP='/bin/grep -E'
ENABLE_CCACHE=''
EXEEXT=''
EXTRA_CLEAN=''
GCCGO=''
GCCGOOPT=''
GCJ=''
GCJH=''
GO12=''
GO13=''
GO15=''
GO1=''
GO=''
GOC=''
GOGCC=''
GOOPT=''
GOVERSIONOPTION=''
GREP='/bin/grep'
GUILE=''
GUILE_CFLAGS=''
GUILE_CONFIG=''
GUILE_LIBS=''
GUILE_SO=''
HAVE_CXX11_COMPILER=''
INSTALL_DATA='${INSTALL} -m 644'
INSTALL_PROGRAM='${INSTALL}'
INSTALL_SCRIPT='${INSTALL}'
INSTALL_STRIP_PROGRAM='$(install_sh) -c -s'
JAVA=''
JAVAC=''
JAVACFLAGS=''
JAVACXXSHARED=''
JAVADYNAMICLINKING=''
JAVAFLAGS=''
JAVAINC=''
JAVALDSHARED=''
JAVALIBRARYPREFIX=''
JAVASO=''
JSCENABLED=''
JSCOREDYNAMICLINKING=''
JSCOREINC=''
JSCOREVERSION=''
JSINTERPRETERCXX=''
JSINTERPRETERLINKFLAGS=''
JSV8DYNAMICLINKING=''
JSV8ENABLED=''
JSV8INC=''
LDFLAGS=''
LDSHARED=''
LIBC=''
LIBCRYPT=''
LIBM=''
LIBOBJS=''
LIBS=''
LINKFORSHARED=''
LTLIBOBJS=''
LUABIN=''
LUADYNAMICLINKING=''
LUAFLAGS=''
LUALINK=''
LUA_SO=''
MAKEINFO='${SHELL} /var/www/html/offlinehelp/ref/swig/swig-3.0.12/Tools/config/missing makeinfo'
MKDIR_P='/bin/mkdir -p'
MZC=''
MZDYNOBJ=''
MZSCHEME=''
MZSCHEME_SO=''
NDKBUILD=''
NODEGYP=''
NODEJS=''
OBJEXT='o'
OCAMLC=''
OCAMLDLGEN=''
OCAMLFIND=''
OCAMLMKTOP=''
OCTAVE=''
OCTAVE_CPPFLAGS=''
OCTAVE_CXXFLAGS=''
OCTAVE_LDFLAGS=''
OCTAVE_SO=''
PACKAGE='swig'
PACKAGE_BUGREPORT='http://www.swig.org'
PACKAGE_NAME='swig'
PACKAGE_STRING='swig 3.0.12'
PACKAGE_TARNAME='swig'
PACKAGE_URL=''
PACKAGE_VERSION='3.0.12'
PATH_SEPARATOR=':'
PCRE_CFLAGS=''
PCRE_CONFIG='no'
PCRE_LIBS=''
PEP8=''
PERL5CCCDLFLAGS=''
PERL5CCDLFLAGS=''
PERL5CCFLAGS=''
PERL5DYNAMICLINKING=''
PERL5EXT=''
PERL5LDFLAGS=''
PERL5LIB=''
PERL=''
PHP5=''
PHP5INC=''
PHP5_SO=''
PHP=''
PHPINC=''
PHP_SO=''
PIKE=''
PIKECCDLFLAGS=''
PIKECONFIG=''
PIKEDYNAMICLINKING=''
PIKEINCLUDE=''
PKGCONFIG=''
PLATCFLAGS=''
PLATCXXFLAGS=''
PY3CONFIG=''
PY3INCLUDE=''
PY3LIB=''
PY3LINK=''
PYINCLUDE=''
PYLIB=''
PYLINK=''
PYTHON3=''
PYTHON3DYNAMICLINKING=''
PYTHON=''
PYTHONDYNAMICLINKING=''
PYTHON_SO=''
RBIN=''
ROOT_DIR=''
RPATH=''
RUBY=''
RUBYCCDLFLAGS=''
RUBYDYNAMICLINKING=''
RUBYINCLUDE=''
RUBYLIB=''
RUBYLINK=''
RUBYSO=''
SCILAB=''
SCILABINCLUDE=''
SCILABOPT=''
SED='/bin/sed'
SET_MAKE=''
SHELL='/bin/bash'
SKIP_ALLEGROCL=''
SKIP_ANDROID=''
SKIP_CFFI=''
SKIP_CHICKEN=''
SKIP_CLISP=''
SKIP_CSHARP=''
SKIP_D=''
SKIP_GCJ=''
SKIP_GO=''
SKIP_GUILE=''
SKIP_JAVA=''
SKIP_JAVASCRIPT=''
SKIP_LUA=''
SKIP_MODULA3=''
SKIP_MZSCHEME=''
SKIP_OCAML=''
SKIP_OCTAVE=''
SKIP_PERL5=''
SKIP_PHP5=''
SKIP_PHP=''
SKIP_PIKE=''
SKIP_PYTHON3=''
SKIP_PYTHON=''
SKIP_R=''
SKIP_RUBY=''
SKIP_SCILAB=''
SKIP_TCL=''
SKIP_UFFI=''
SO=''
STRIP=''
SWIGLIBS=''
SWIG_LIB=''
SWIG_LIB_INSTALL=''
SWIG_LIB_PREINST=''
SWIG_LIB_SET=''
SWILL=''
TCLCXXSHARED=''
TCLDYNAMICLINKING=''
TCLINCLUDE=''
TCLLDSHARED=''
TCLLIB=''
TCL_SO=''
TRYLINKINGWITHCXX=''
VERSION='3.0.12'
YACC=''
YFLAGS=''
ac_aux_dir='Tools/config'
ac_ct_CC='gcc'
ac_ct_CXX=''
am__EXEEXT_FALSE=''
am__EXEEXT_TRUE=''
am__fastdepCC_FALSE='#'
am__fastdepCC_TRUE=''
am__fastdepCXX_FALSE=''
am__fastdepCXX_TRUE='#'
am__include='include'
am__isrc=''
am__leading_dot='.'
am__nodep='_no'
am__quote=''
am__tar='$${TAR-tar} chof - "$$tardir"'
am__untar='$${TAR-tar} xf -'
bindir='${exec_prefix}/bin'
build='x86_64-pc-linux-gnu'
build_alias=''
build_cpu='x86_64'
build_os='linux-gnu'
build_vendor='pc'
datadir='${datarootdir}'
datarootdir='${prefix}/share'
docdir='${datarootdir}/doc/${PACKAGE_TARNAME}'
dvidir='${docdir}'
exec_prefix='NONE'
host='x86_64-pc-linux-gnu'
host_alias=''
host_cpu='x86_64'
host_os='linux-gnu'
host_vendor='pc'
htmldir='${docdir}'
includedir='${prefix}/include'
infodir='${datarootdir}/info'
install_sh='${SHELL} /var/www/html/offlinehelp/ref/swig/swig-3.0.12/Tools/config/install-sh'
libdir='${exec_prefix}/lib'
libexecdir='${exec_prefix}/libexec'
localedir='${datarootdir}/locale'
localstatedir='${prefix}/var'
mandir='${datarootdir}/man'
mkdir_p='$(MKDIR_P)'
oldincludedir='/usr/include'
pdfdir='${docdir}'
prefix='NONE'
program_transform_name='s,x,x,'
psdir='${docdir}'
runstatedir='${localstatedir}/run'
sbindir='${exec_prefix}/sbin'
sharedstatedir='${prefix}/com'
subdirs=''
sysconfdir='${prefix}/etc'
target_alias=''

## ----------- ##
## confdefs.h. ##
## ----------- ##

/* confdefs.h */
#define PACKAGE_NAME "swig"
#define PACKAGE_TARNAME "swig"
#define PACKAGE_VERSION "3.0.12"
#define PACKAGE_STRING "swig 3.0.12"
#define PACKAGE_BUGREPORT "http://www.swig.org"
#define PACKAGE_URL ""
#define PACKAGE "swig"
#define VERSION "3.0.12"
#define SWIG_CXX "g++"
#define SWIG_PLATFORM "x86_64-pc-linux-gnu"
#define STDC_HEADERS 1
#define HAVE_POPEN 1

configure: exit 1
